<?xml version="1.0" encoding="UTF-8"?>
<!-- Generated by org.testng.reporters.JUnitReportReporter -->
<testsuite hostname="DESKTOP-0FVAB1O" failures="0" tests="1" name="tests.Cart_Test" time="46.404" errors="0" timestamp="24 Jun 2024 14:50:28 GMT" skipped="0">
  <testcase classname="tests.Cart_Test" name="CartTest" time="46.404"/>
</testsuite> <!-- tests.Cart_Test -->
