<?xml version="1.0" encoding="UTF-8"?>
<!-- Generated by org.testng.reporters.JUnitReportReporter -->
<testsuite hostname="DESKTOP-0FVAB1O" failures="0" tests="1" name="tests.Test1" time="18.845" errors="0" timestamp="2024-06-22T17:11:37 IST" skipped="0">
  <testcase classname="tests.Test1" name="CartTest" time="18.845"/>
</testsuite> <!-- tests.Test1 -->
